
> @narmi/design_system@4.19.2 build-storybook
> storybook build --output-dir=/var/folders/x6/hxr3w7yj1rx2qqdppt_fxp4r0000gn/T/chromatic--78586-HYeOgoLKa2VD --webpack-stats-json=/var/folders/x6/hxr3w7yj1rx2qqdppt_fxp4r0000gn/T/chromatic--78586-HYeOgoLKa2VD

[1m@storybook/core v8.6.11
[22m
info => Cleaning outputDir: [36m../../../../var/folders/x6/hxr3w7yj1rx2qqdppt_fxp4r0000gn/T/chromatic--78586-HYeOgoLKa2VD[39m
info => Loading presets
WARN The "@storybook/addon-mdx-gfm" addon is meant as a migration assistant for Storybook 8.0; and will likely be removed in a future version.
WARN It's recommended you read this document:
WARN https://storybook.js.org/docs/writing-docs/mdx#markdown-tables-arent-rendering-correctly
WARN 
WARN Once you've made the necessary changes, you can remove the addon from your package.json and storybook config.
info Found existing addon {"name":"@storybook/addon-docs","options":{"transcludeMarkdown":true}}, skipping.
info Found existing addon {"name":"@storybook/addon-docs","options":{"transcludeMarkdown":true}}, skipping.
info => Building manager..
info => Manager built ([38;2;181;126;229m83 ms[39m)
info => Building preview..
info => Using implicit CSS loaders
info => Using default Webpack5 setup
WARN Should not import the named export 'bgColor' (imported as 'bgColor') from default-exporting module (only default export is available soon)
WARN Should not import the named export 'scrim' (imported as 'scrim') from default-exporting module (only default export is available soon)
WARN Should not import the named export 'border' (imported as 'borderHelpers') from default-exporting module (only default export is available soon)
WARN Should not import the named export 'rounded' (imported as 'rounded') from default-exporting module (only default export is available soon)
WARN Should not import the named export 'fontColor' (imported as 'fontColorHelpers') from default-exporting module (only default export is available soon)
WARN Should not import the named export 'fontSize' (imported as 'fontSizeHelpers') from default-exporting module (only default export is available soon)
WARN Should not import the named export 'fontWeight' (imported as 'fontWeightHelpers') from default-exporting module (only default export is available soon)
WARN Should not import the named export 'fontFamily' (imported as 'fontFamilyHelpers') from default-exporting module (only default export is available soon)
WARN Should not import the named export 'whiteSpace' (imported as 'whiteSpace') from default-exporting module (only default export is available soon)
WARN Should not import the named export 'button' (imported as 'button') from default-exporting module (only default export is available soon)
WARN Should not import the named export 'list' (imported as 'list') from default-exporting module (only default export is available soon)
WARN Should not import the named export 'alignChild' (imported as 'alignChild') from default-exporting module (only default export is available soon)
WARN Should not import the named export 'rotate' (imported as 'rotate') from default-exporting module (only default export is available soon)
WARN Should not import the named export 'overflow' (imported as 'overflowHelpers') from default-exporting module (only default export is available soon)
WARN Should not import the named export 'margin' (imported as 'marginHelpers') from default-exporting module (only default export is available soon)
WARN Should not import the named export 'padding' (imported as 'paddingHelpers') from default-exporting module (only default export is available soon)
WARN asset size limit: The following asset(s) exceed the recommended size limit (244 KiB).
WARN This can impact web performance.
WARN Assets: 
WARN   main.a87d3f12.iframe.bundle.js (618 KiB)
WARN   icons-Icons-stories.f311e963.iframe.bundle.js (459 KiB)
WARN   8609.2b1c56b4.iframe.bundle.js (561 KiB)
WARN   154.a7676344.iframe.bundle.js (941 KiB)
WARN   5001.d6b95e31.iframe.bundle.js (644 KiB)
WARN   5280.d35a665c.iframe.bundle.js (451 KiB)
WARN entrypoint size limit: The following entrypoint(s) combined asset size exceeds the recommended limit (244 KiB). This can impact web performance.
WARN Entrypoints:
WARN   main (1.53 MiB)
WARN       runtime~main.a0bf9f1b.iframe.bundle.js
WARN       154.a7676344.iframe.bundle.js
WARN       main.a87d3f12.iframe.bundle.js
WARN 
info => Preview built ([38;2;181;126;229m5.06 s[39m)
info => preview stats written to [36m/var/folders/x6/hxr3w7yj1rx2qqdppt_fxp4r0000gn/T/chromatic--78586-HYeOgoLKa2VD/preview-stats.json[39m
info => Output directory: /var/folders/x6/hxr3w7yj1rx2qqdppt_fxp4r0000gn/T/chromatic--78586-HYeOgoLKa2VD
